<?xml version="1.0" encoding="UTF-8"?>
<!-- Generated by org.testng.reporters.JUnitReportReporter -->
<testsuite skipped="0" hostname="LTILPUN23200595" name="runner.MobileTestRunner" tests="1" failures="0" timestamp="2021-02-08T21:17:14 IST" time="74.393" errors="1">
  <testcase name="runScenario" time="74.393" classname="runner.MobileTestRunner">
    <error type="cucumber.api.PendingException" message="TODO: implement me">
      <![CDATA[cucumber.api.PendingException: TODO: implement me
at stepDefinitions.mobilesteps.LoginMobileTestStepDefinition.i_am_able_to_launch_appium(LoginMobileTestStepDefinition.java:66)
at ✽.I am able to launch appium(file:LoginMobileTest.feature:6)
]]>
    </error>
  </testcase> <!-- runScenario -->
  <system-out/>
</testsuite> <!-- runner.MobileTestRunner -->
