<?xml version="1.0" encoding="UTF-8"?>
<testng-results skipped="0" failed="0" ignored="0" total="6" passed="6">
  <reporter-output>
  </reporter-output>
  <suite name="Default suite" duration-ms="25313" started-at="2021-02-14T19:19:37 IST" finished-at="2021-02-14T19:20:03 IST">
    <groups>
      <group name="cucumber">
        <method signature="AbstractTestNGCucumberTests.runScenario(io.cucumber.testng.PickleEventWrapper, io.cucumber.testng.CucumberFeatureWrapper)[pri:0, instance:runner.APITestRunner@79ca92b9]" name="runScenario" class="io.cucumber.testng.AbstractTestNGCucumberTests"/>
      </group> <!-- cucumber -->
    </groups>
    <test name="Default test" duration-ms="25313" started-at="2021-02-14T19:19:37 IST" finished-at="2021-02-14T19:20:03 IST">
      <class name="runner.APITestRunner">
        <test-method status="PASS" signature="setUpClass()[pri:0, instance:runner.APITestRunner@79ca92b9]" name="setUpClass" is-config="true" duration-ms="121" started-at="2021-02-14T19:19:38 IST" finished-at="2021-02-14T19:19:38 IST">
          <reporter-output>
          </reporter-output>
        </test-method> <!-- setUpClass -->
        <test-method status="PASS" signature="runScenario(io.cucumber.testng.PickleEventWrapper, io.cucumber.testng.CucumberFeatureWrapper)[pri:0, instance:runner.APITestRunner@79ca92b9]" name="runScenario" duration-ms="10751" started-at="2021-02-14T19:19:38 IST" description="Runs Cucumber Scenarios" data-provider="scenarios" finished-at="2021-02-14T19:19:48 IST">
          <params>
            <param index="0">
              <value>
                <![CDATA["Get the StopSeqCoord"]]>
              </value>
            </param>
            <param index="1">
              <value>
                <![CDATA["Verify Get method using the Brearer Authentication Tokens for StopSeqCoordReq"]]>
              </value>
            </param>
          </params>
          <reporter-output>
          </reporter-output>
        </test-method> <!-- runScenario -->
        <test-method status="PASS" signature="runScenario(io.cucumber.testng.PickleEventWrapper, io.cucumber.testng.CucumberFeatureWrapper)[pri:0, instance:runner.APITestRunner@79ca92b9]" name="runScenario" duration-ms="3514" started-at="2021-02-14T19:19:48 IST" description="Runs Cucumber Scenarios" data-provider="scenarios" finished-at="2021-02-14T19:19:52 IST">
          <params>
            <param index="0">
              <value>
                <![CDATA["TC001_Verify GET operation for Weather Utilities"]]>
              </value>
            </param>
            <param index="1">
              <value>
                <![CDATA["Verify Get method using the Brearer Authentication Tokens for Weather Utilities"]]>
              </value>
            </param>
          </params>
          <reporter-output>
          </reporter-output>
        </test-method> <!-- runScenario -->
        <test-method status="PASS" signature="runScenario(io.cucumber.testng.PickleEventWrapper, io.cucumber.testng.CucumberFeatureWrapper)[pri:0, instance:runner.APITestRunner@79ca92b9]" name="runScenario" duration-ms="3549" started-at="2021-02-14T19:19:52 IST" description="Runs Cucumber Scenarios" data-provider="scenarios" finished-at="2021-02-14T19:19:56 IST">
          <params>
            <param index="0">
              <value>
                <![CDATA["TC001_Verify GET operation for tripRequest-shorttest-leasttime with bearer authentication token"]]>
              </value>
            </param>
            <param index="1">
              <value>
                <![CDATA["Verify Get method using the Brearer Authentication Tokens for tripRequest-shorttest-leasttime"]]>
              </value>
            </param>
          </params>
          <reporter-output>
          </reporter-output>
        </test-method> <!-- runScenario -->
        <test-method status="PASS" signature="runScenario(io.cucumber.testng.PickleEventWrapper, io.cucumber.testng.CucumberFeatureWrapper)[pri:0, instance:runner.APITestRunner@79ca92b9]" name="runScenario" duration-ms="1596" started-at="2021-02-14T19:19:56 IST" description="Runs Cucumber Scenarios" data-provider="scenarios" finished-at="2021-02-14T19:19:57 IST">
          <params>
            <param index="0">
              <value>
                <![CDATA["TC002_Verify GET operation for tripRequest-shorttest-leastWalking with bearer authentication token"]]>
              </value>
            </param>
            <param index="1">
              <value>
                <![CDATA["Verify Get method using the Brearer Authentication Tokens for tripRequest-shorttest-leasttime"]]>
              </value>
            </param>
          </params>
          <reporter-output>
          </reporter-output>
        </test-method> <!-- runScenario -->
        <test-method status="PASS" signature="runScenario(io.cucumber.testng.PickleEventWrapper, io.cucumber.testng.CucumberFeatureWrapper)[pri:0, instance:runner.APITestRunner@79ca92b9]" name="runScenario" duration-ms="1574" started-at="2021-02-14T19:19:57 IST" description="Runs Cucumber Scenarios" data-provider="scenarios" finished-at="2021-02-14T19:19:59 IST">
          <params>
            <param index="0">
              <value>
                <![CDATA["TC003_Verify GET operation for tripRequest-fastest-fastestslow with bearer authentication token"]]>
              </value>
            </param>
            <param index="1">
              <value>
                <![CDATA["Verify Get method using the Brearer Authentication Tokens for tripRequest-fastest"]]>
              </value>
            </param>
          </params>
          <reporter-output>
          </reporter-output>
        </test-method> <!-- runScenario -->
        <test-method status="PASS" signature="runScenario(io.cucumber.testng.PickleEventWrapper, io.cucumber.testng.CucumberFeatureWrapper)[pri:0, instance:runner.APITestRunner@79ca92b9]" name="runScenario" duration-ms="3925" started-at="2021-02-14T19:19:59 IST" description="Runs Cucumber Scenarios" data-provider="scenarios" finished-at="2021-02-14T19:20:03 IST">
          <params>
            <param index="0">
              <value>
                <![CDATA["Get the Tripcode, stopId, line time and date using the Trip-Request"]]>
              </value>
            </param>
            <param index="1">
              <value>
                <![CDATA["Verify Get method using the Brearer Authentication Tokens for TripStopTime"]]>
              </value>
            </param>
          </params>
          <reporter-output>
          </reporter-output>
        </test-method> <!-- runScenario -->
        <test-method status="PASS" signature="tearDownClass()[pri:0, instance:runner.APITestRunner@79ca92b9]" name="tearDownClass" is-config="true" duration-ms="183" started-at="2021-02-14T19:20:03 IST" finished-at="2021-02-14T19:20:03 IST">
          <reporter-output>
          </reporter-output>
        </test-method> <!-- tearDownClass -->
      </class> <!-- runner.APITestRunner -->
    </test> <!-- Default test -->
  </suite> <!-- Default suite -->
</testng-results>
