<?xml version="1.0" encoding="UTF-8"?>
<testng-results skipped="0" failed="0" ignored="0" total="1" passed="1">
  <reporter-output>
  </reporter-output>
  <suite name="Default suite" duration-ms="89843" started-at="2021-02-12T20:37:58 IST" finished-at="2021-02-12T20:39:28 IST">
    <groups>
      <group name="cucumber">
        <method signature="AbstractTestNGCucumberTests.runScenario(io.cucumber.testng.PickleEventWrapper, io.cucumber.testng.CucumberFeatureWrapper)[pri:0, instance:runner.TestNGTestRunner@79ca92b9]" name="runScenario" class="io.cucumber.testng.AbstractTestNGCucumberTests"/>
      </group> <!-- cucumber -->
    </groups>
    <test name="Default test" duration-ms="89843" started-at="2021-02-12T20:37:58 IST" finished-at="2021-02-12T20:39:28 IST">
      <class name="runner.TestNGTestRunner">
        <test-method status="PASS" signature="setUpClass()[pri:0, instance:runner.TestNGTestRunner@79ca92b9]" name="setUpClass" is-config="true" duration-ms="130" started-at="2021-02-12T20:37:58 IST" finished-at="2021-02-12T20:37:59 IST">
          <reporter-output>
          </reporter-output>
        </test-method> <!-- setUpClass -->
        <test-method status="PASS" signature="runScenario(io.cucumber.testng.PickleEventWrapper, io.cucumber.testng.CucumberFeatureWrapper)[pri:0, instance:runner.TestNGTestRunner@79ca92b9]" name="runScenario" duration-ms="89260" started-at="2021-02-12T20:37:59 IST" description="Runs Cucumber Scenarios" data-provider="scenarios" finished-at="2021-02-12T20:39:28 IST">
          <params>
            <param index="0">
              <value>
                <![CDATA["TC001_Successful Sign In with Valid Credentials"]]>
              </value>
            </param>
            <param index="1">
              <value>
                <![CDATA["Verify Sign In to Liferay Web Portal"]]>
              </value>
            </param>
          </params>
          <reporter-output>
          </reporter-output>
        </test-method> <!-- runScenario -->
        <test-method status="PASS" signature="tearDownClass()[pri:0, instance:runner.TestNGTestRunner@79ca92b9]" name="tearDownClass" is-config="true" duration-ms="366" started-at="2021-02-12T20:39:28 IST" finished-at="2021-02-12T20:39:28 IST">
          <reporter-output>
          </reporter-output>
        </test-method> <!-- tearDownClass -->
      </class> <!-- runner.TestNGTestRunner -->
    </test> <!-- Default test -->
  </suite> <!-- Default suite -->
</testng-results>
