<?xml version="1.0" encoding="UTF-8"?>
<!-- Generated by org.testng.reporters.JUnitXMLReporter -->
<testsuite hostname="LTILPUN23200595" ignored="0" name="Test" tests="2" failures="0" timestamp="2020-10-28T07:37:34 IST" time="87.184" errors="0">
  <testcase name="runScenario" time="29.469" classname="io.cucumber.testng.AbstractTestNGCucumberTests">
    <skipped/>
  </testcase> <!-- runScenario -->
  <testcase name="runScenario" time="86.912" classname="io.cucumber.testng.AbstractTestNGCucumberTests"/>
</testsuite> <!-- Test -->
